2023-Dec-30 11:02:04,590 [main] com.charlies.pages.SearchResultPage 
  INFO  Products are sorted on the basis of high to low
2023-Dec-30 11:02:04,595 [main] com.charlies.pages.SearchResultPage 
  INFO  Products are sorted on the basis of high to low
2023-Dec-30 11:02:04,596 [main] com.charlies.pages.SearchResultPage 
  INFO  Products are sorted on the basis of high to low
2023-Dec-30 11:02:04,597 [main] com.charlies.pages.SearchResultPage 
  INFO  Products are sorted on the basis of high to low
2023-Dec-30 11:02:04,597 [main] com.charlies.pages.SearchResultPage 
  INFO  Products are sorted on the basis of high to low
2023-Dec-30 11:02:04,598 [main] com.charlies.pages.SearchResultPage 
  INFO  Products are sorted on the basis of high to low
2023-Dec-30 11:02:06,380 [main] com.charlies.pages.SearchResultPage 
  INFO  Products are sorted on the basis of high to low
2023-Dec-30 11:02:06,380 [main] com.charlies.pages.SearchResultPage 
  INFO  Products are sorted on the basis of high to low
2023-Dec-30 11:02:06,382 [main] com.charlies.pages.SearchResultPage 
  INFO  Products are sorted on the basis of high to low
2023-Dec-30 11:02:06,383 [main] com.charlies.pages.SearchResultPage 
  INFO  Products are sorted on the basis of high to low
2023-Dec-30 11:02:06,384 [main] com.charlies.pages.SearchResultPage 
  INFO  Products are sorted on the basis of high to low
2023-Dec-30 11:02:06,388 [main] com.charlies.pages.SearchResultPage 
  INFO  Products are sorted on the basis of high to low
2023-Dec-30 11:02:06,390 [main] com.charlies.pages.SearchResultPage 
  INFO  Products are sorted on the basis of high to low
2023-Dec-30 11:02:06,390 [main] com.charlies.pages.SearchResultPage 
  INFO  Products are sorted on the basis of high to low
2023-Dec-30 11:02:06,391 [main] com.charlies.pages.SearchResultPage 
  INFO  Products are sorted on the basis of high to low
2023-Dec-30 11:02:06,393 [main] com.charlies.pages.SearchResultPage 
  INFO  Products are sorted on the basis of high to low
2023-Dec-30 11:02:06,393 [main] com.charlies.pages.SearchResultPage 
  INFO  Products are sorted on the basis of high to low
2023-Dec-30 11:02:06,393 [main] com.charlies.pages.SearchResultPage 
  INFO  Products are sorted on the basis of high to low
2023-Dec-30 11:02:06,393 [main] com.charlies.pages.SearchResultPage 
  INFO  Products are sorted on the basis of high to low
2023-Dec-30 11:02:06,394 [main] com.charlies.pages.SearchResultPage 
  INFO  Products are sorted on the basis of high to low
2023-Dec-30 11:02:06,396 [main] com.charlies.pages.SearchResultPage 
  INFO  Products are sorted on the basis of high to low
2023-Dec-30 11:02:06,398 [main] com.charlies.pages.SearchResultPage 
  INFO  Products are sorted on the basis of high to low
2023-Dec-30 11:02:06,398 [main] com.charlies.pages.SearchResultPage 
  INFO  Products are sorted on the basis of high to low
2023-Dec-30 11:02:06,398 [main] com.charlies.pages.SearchResultPage 
  INFO  Products are sorted on the basis of high to low
2023-Dec-30 11:02:06,399 [main] com.charlies.pages.SearchResultPage 
  INFO  Products are sorted on the basis of high to low
2023-Dec-30 11:02:06,399 [main] com.charlies.pages.SearchResultPage 
  INFO  Products are sorted on the basis of high to low
2023-Dec-30 11:02:06,399 [main] com.charlies.pages.SearchResultPage 
  INFO  Products are sorted on the basis of high to low
2023-Dec-30 11:02:06,399 [main] com.charlies.pages.SearchResultPage 
  INFO  Products are sorted on the basis of high to low
2023-Dec-30 11:02:06,399 [main] com.charlies.pages.SearchResultPage 
  INFO  Products are sorted on the basis of high to low
2023-Dec-30 11:02:06,409 [main] com.charlies.pages.SearchResultPage 
  INFO  Products are sorted on the basis of high to low
2023-Dec-30 11:02:06,409 [main] com.charlies.pages.SearchResultPage 
  INFO  Products are sorted on the basis of high to low
2023-Dec-30 11:02:06,410 [main] com.charlies.pages.SearchResultPage 
  INFO  Products are sorted on the basis of high to low
2023-Dec-30 11:02:06,410 [main] com.charlies.pages.SearchResultPage 
  INFO  Products are sorted on the basis of high to low
2023-Dec-30 11:02:06,412 [main] com.charlies.pages.SearchResultPage 
  INFO  Products are sorted on the basis of high to low
2023-Dec-30 11:02:06,413 [main] com.charlies.pages.SearchResultPage 
  INFO  Products are sorted on the basis of high to low
2023-Dec-30 11:02:06,414 [main] com.charlies.pages.SearchResultPage 
  INFO  Products are sorted on the basis of high to low
2023-Dec-30 11:02:06,415 [main] com.charlies.pages.SearchResultPage 
  INFO  Products are sorted on the basis of high to low
2023-Dec-30 11:02:06,415 [main] com.charlies.pages.SearchResultPage 
  INFO  Products are sorted on the basis of high to low
2023-Dec-30 11:02:06,418 [main] com.charlies.pages.SearchResultPage 
  INFO  Products are sorted on the basis of high to low
2023-Dec-30 11:02:06,458 [main] com.charlies.pages.SearchResultPage 
  INFO  Products are sorted on the basis of high to low
2023-Dec-30 11:02:06,459 [main] com.charlies.pages.SearchResultPage 
  INFO  Products are sorted on the basis of high to low
2023-Dec-30 11:02:06,461 [main] com.charlies.pages.SearchResultPage 
  INFO  Products are sorted on the basis of high to low
2023-Dec-30 11:02:06,463 [main] com.charlies.pages.SearchResultPage 
  INFO  Products are sorted on the basis of high to low
2023-Dec-30 11:02:06,463 [main] com.charlies.pages.SearchResultPage 
  INFO  Products are sorted on the basis of high to low
2023-Dec-30 11:02:06,467 [main] com.charlies.pages.SearchResultPage 
  INFO  Products are sorted on the basis of high to low
2023-Dec-30 11:02:06,475 [main] com.charlies.pages.SearchResultPage 
  INFO  Products are sorted on the basis of high to low
2023-Dec-30 11:02:06,484 [main] com.charlies.pages.SearchResultPage 
  INFO  Products are sorted on the basis of high to low
2023-Dec-30 11:02:06,484 [main] com.charlies.pages.SearchResultPage 
  INFO  Products are sorted on the basis of high to low
2023-Dec-30 11:02:06,485 [main] com.charlies.pages.SearchResultPage 
  INFO  Products are sorted on the basis of high to low
2023-Dec-30 11:02:06,485 [main] com.charlies.pages.SearchResultPage 
  INFO  Products are sorted on the basis of high to low
2023-Dec-30 11:02:30,940 [main] com.charlies.keywords.keywords 
  INFO  opening firefox browser
2023-Dec-30 11:02:51,611 [main] com.charlies.keywords.keywords 
  INFO  Launching url
2023-Dec-30 11:02:54,698 [main] com.charlies.pages.HomePage 
  INFO  Entered product to serach[Ljava.lang.CharSequence;@32faa16cto search
