2023-Dec-30 11:04:24,695 [main] com.charlies.pages.SearchResultPage 
  INFO  Solid Knitted Sheath Dress
2023-Dec-30 11:04:24,703 [main] com.charlies.pages.SearchResultPage 
  INFO  Sustainable Sheath Dress
2023-Dec-30 11:04:24,704 [main] com.charlies.pages.SearchResultPage 
  INFO  Solid A-Line Dress
2023-Dec-30 11:04:24,704 [main] com.charlies.pages.SearchResultPage 
  INFO  Pure Cotton A-Line Midi Dress
2023-Dec-30 11:04:24,706 [main] com.charlies.pages.SearchResultPage 
  INFO  V-Neck A-Line Dress
2023-Dec-30 11:04:24,708 [main] com.charlies.pages.SearchResultPage 
  INFO  Pure Cotton Solid A-Line Dress
2023-Dec-30 11:04:24,709 [main] com.charlies.pages.SearchResultPage 
  INFO  Pure Cotton A-Line Midi Dress
2023-Dec-30 11:04:24,709 [main] com.charlies.pages.SearchResultPage 
  INFO  Solid Midi Sheath Dress
2023-Dec-30 11:04:24,710 [main] com.charlies.pages.SearchResultPage 
  INFO  Lurex Wrap Dress
2023-Dec-30 11:04:24,710 [main] com.charlies.pages.SearchResultPage 
  INFO  Satin Mini Dress
2023-Dec-30 11:04:24,711 [main] com.charlies.pages.SearchResultPage 
  INFO  Strapless Sheath Midi Dress
2023-Dec-30 11:04:24,711 [main] com.charlies.pages.SearchResultPage 
  INFO  Keyhole Neck Wrap Mini Dress
2023-Dec-30 11:04:24,711 [main] com.charlies.pages.SearchResultPage 
  INFO  Beaded Detail Semi-Sheer Dress
2023-Dec-30 11:04:24,711 [main] com.charlies.pages.SearchResultPage 
  INFO  Front Knot Floral Print Dress
2023-Dec-30 11:04:24,711 [main] com.charlies.pages.SearchResultPage 
  INFO  Tie-Up Neck A-Line Dress
2023-Dec-30 11:04:24,711 [main] com.charlies.pages.SearchResultPage 
  INFO  Embellished Bodycon Mini Dress
2023-Dec-30 11:04:24,712 [main] com.charlies.pages.SearchResultPage 
  INFO  Satin Mini Dress
2023-Dec-30 11:04:24,712 [main] com.charlies.pages.SearchResultPage 
  INFO  Ruched Bodycon Mini Dress
2023-Dec-30 11:04:24,712 [main] com.charlies.pages.SearchResultPage 
  INFO  Halter Neck Embellished Dress
2023-Dec-30 11:04:24,712 [main] com.charlies.pages.SearchResultPage 
  INFO  Printed Satin Finish Dress
2023-Dec-30 11:04:24,712 [main] com.charlies.pages.SearchResultPage 
  INFO  Shirt Mini Dress
2023-Dec-30 11:04:24,712 [main] com.charlies.pages.SearchResultPage 
  INFO  Side Slit Ruffled Maxi Dress
2023-Dec-30 11:04:24,712 [main] com.charlies.pages.SearchResultPage 
  INFO  Checked Sheath Dress
2023-Dec-30 11:04:24,712 [main] com.charlies.pages.SearchResultPage 
  INFO  Linen Off-Shoulder Midi Dress
2023-Dec-30 11:04:24,713 [main] com.charlies.pages.SearchResultPage 
  INFO  Embellished A-Line Midi Dress
2023-Dec-30 11:04:24,713 [main] com.charlies.pages.SearchResultPage 
  INFO  Printed Back Tie-Up Mini Dress
2023-Dec-30 11:04:24,713 [main] com.charlies.pages.SearchResultPage 
  INFO  Satin Sheath Mini Dress
2023-Dec-30 11:04:24,713 [main] com.charlies.pages.SearchResultPage 
  INFO  Checked Tweed Shirt Mini Dress
2023-Dec-30 11:04:24,713 [main] com.charlies.pages.SearchResultPage 
  INFO  Sheath Knitted Mini Dress
2023-Dec-30 11:04:24,713 [main] com.charlies.pages.SearchResultPage 
  INFO  Satin Mini Wrap Dress
2023-Dec-30 11:04:24,714 [main] com.charlies.pages.SearchResultPage 
  INFO  Halter Neck Satin Finish Dress
2023-Dec-30 11:04:24,714 [main] com.charlies.pages.SearchResultPage 
  INFO  Side Slit Asymmetrical Dress
2023-Dec-30 11:04:24,714 [main] com.charlies.pages.SearchResultPage 
  INFO  Velvet Ruched Bodycon Dress
2023-Dec-30 11:04:24,714 [main] com.charlies.pages.SearchResultPage 
  INFO  Shoulder Straps Mini Dress
2023-Dec-30 11:04:24,714 [main] com.charlies.pages.SearchResultPage 
  INFO  Belted Shirt Mini Dress
2023-Dec-30 11:04:24,714 [main] com.charlies.pages.SearchResultPage 
  INFO  Empire Midi Puff Sleeve Dress
2023-Dec-30 11:04:24,714 [main] com.charlies.pages.SearchResultPage 
  INFO  Floral Print A-Line Mini Dress
2023-Dec-30 11:04:24,714 [main] com.charlies.pages.SearchResultPage 
  INFO  Floral Print A-Line Midi Dress
2023-Dec-30 11:04:24,715 [main] com.charlies.pages.SearchResultPage 
  INFO  Printed Balloon Sleeve Dress
2023-Dec-30 11:04:24,715 [main] com.charlies.pages.SearchResultPage 
  INFO  Ruffled A-Line Mini Dress
2023-Dec-30 11:04:24,716 [main] com.charlies.pages.SearchResultPage 
  INFO  Knot Detail Dyed Wrap Dress
2023-Dec-30 11:04:24,716 [main] com.charlies.pages.SearchResultPage 
  INFO  Bodycon Mini Dress
2023-Dec-30 11:04:24,718 [main] com.charlies.pages.SearchResultPage 
  INFO  Paisley Print A-Line Dress
2023-Dec-30 11:04:24,719 [main] com.charlies.pages.SearchResultPage 
  INFO  One Shoulder Ruffled Dress
2023-Dec-30 11:04:24,719 [main] com.charlies.pages.SearchResultPage 
  INFO  Floral Fit & Flare Mini Dress
2023-Dec-30 11:04:24,720 [main] com.charlies.pages.SearchResultPage 
  INFO  Shimmery Sheath Mini Dress
2023-Dec-30 11:04:24,720 [main] com.charlies.pages.SearchResultPage 
  INFO  Printed Dress with Belt
2023-Dec-30 11:04:24,720 [main] com.charlies.pages.SearchResultPage 
  INFO  Floral Print Pleated Dress
2023-Dec-30 11:04:24,721 [main] com.charlies.pages.SearchResultPage 
  INFO  Front Knot Printed Dress
2023-Dec-30 11:04:24,721 [main] com.charlies.pages.SearchResultPage 
  INFO  Mini Blazer Dress
2023-Dec-30 11:04:48,609 [main] com.charlies.keywords.keywords 
  INFO  opening firefox browser
2023-Dec-30 11:04:58,761 [main] com.charlies.keywords.keywords 
  INFO  Launching url
